<?xml version="1.0" encoding="UTF-8"?>
<!-- Generated by org.testng.reporters.JUnitReportReporter -->
<testsuite hostname="TNL71978120-B" failures="0" tests="2" name="practiseTestNG.BatchAppartmentCreation" time="0.019" errors="0" timestamp="2023-08-07T15:06:22 IST" skipped="0">
  <testcase classname="practiseTestNG.BatchAppartmentCreation" name="appartmentCreate" time="0.016"/>
  <testcase classname="practiseTestNG.BatchAppartmentCreation" name="appartmentModify" time="0.003"/>
</testsuite> <!-- practiseTestNG.BatchAppartmentCreation -->
