<?xml version="1.0" encoding="UTF-8"?>
<!-- Generated by org.testng.reporters.JUnitReportReporter -->
<testsuite hostname="TNL71978120-B" failures="0" tests="1" name="practiseTestNG.FetchDataProvider" time="15.607" errors="0" timestamp="2023-08-06T16:56:30 IST" skipped="0">
  <testcase classname="practiseTestNG.FetchDataProvider" name="verifyIphonePrices" time="15.607"/>
</testsuite> <!-- practiseTestNG.FetchDataProvider -->
