<?xml version="1.0" encoding="UTF-8"?>
<!-- Generated by org.testng.reporters.JUnitReportReporter -->
<testsuite hostname="TNL71978120-B" failures="0" tests="1" name="practiseTestNG.PracticeBaseClass" time="5.383" errors="0" timestamp="2023-08-08T10:24:44 IST" skipped="0">
  <testcase classname="practiseTestNG.PracticeBaseClass" name="clickOnRegisterLink" time="5.383"/>
</testsuite> <!-- practiseTestNG.PracticeBaseClass -->
