<?xml version="1.0" encoding="UTF-8"?>
<!-- Generated by org.testng.reporters.JUnitReportReporter -->
<testsuite hostname="TNL71978120-B" failures="0" tests="4" name="practiseTestNG.TestNGClass" time="0.029" errors="0" timestamp="2023-08-04T11:28:05 IST" skipped="0">
  <testcase classname="practiseTestNG.TestNGClass" name="createTest" time="0.020"/>
  <testcase classname="practiseTestNG.TestNGClass" name="createTest" time="0.003"/>
  <testcase classname="practiseTestNG.TestNGClass" name="editTest" time="0.003"/>
  <testcase classname="practiseTestNG.TestNGClass" name="deleteTest" time="0.003"/>
</testsuite> <!-- practiseTestNG.TestNGClass -->
