<?xml version="1.0" encoding="UTF-8"?>
<!-- Generated by org.testng.reporters.JUnitReportReporter -->
<testsuite hostname="TNL71978120-B" failures="0" tests="1" name="practiseTestNG.VerifyHardAssertTest" time="16.697" errors="0" timestamp="2023-08-09T12:18:55 IST" skipped="0">
  <testcase classname="practiseTestNG.VerifyHardAssertTest" name="verifyAssert" time="16.697"/>
</testsuite> <!-- practiseTestNG.VerifyHardAssertTest -->
