<?xml version="1.0" encoding="UTF-8"?>
<!-- Generated by org.testng.reporters.JUnitReportReporter -->
<testsuite hostname="TNL71978120-B" failures="0" tests="2" name="practiseTestNG.DataProviderTest" time="0.023" errors="0" timestamp="2023-08-06T15:07:52 IST" skipped="0">
  <testcase classname="practiseTestNG.DataProviderTest" name="getDataFromDataProvider" time="0.002"/>
  <testcase classname="practiseTestNG.DataProviderTest" name="getDataFromDataProvider" time="0.021"/>
</testsuite> <!-- practiseTestNG.DataProviderTest -->
