<?xml version="1.0" encoding="UTF-8"?>
<!-- Generated by org.testng.reporters.JUnitReportReporter -->
<testsuite hostname="TNL71978120-B" failures="0" tests="1" name="readDataFromCommandLine" time="12.382" errors="0" timestamp="2023-07-28T17:42:53 IST" skipped="0">
  <testcase classname="readDataFromCommandLine" name="readDataFromComand" time="12.382"/>
</testsuite> <!-- readDataFromCommandLine -->
