<?xml version="1.0" encoding="UTF-8"?>
<!-- Generated by org.testng.reporters.JUnitReportReporter -->
<testsuite hostname="TNL71978120-B" failures="0" tests="7" name="practiseTestNG.ReadDataProviderFromExcelGeneric" time="0.047" errors="0" timestamp="2023-08-04T16:34:47 IST" skipped="0">
  <testcase classname="practiseTestNG.ReadDataProviderFromExcelGeneric" name="readData" time="0.006"/>
  <testcase classname="practiseTestNG.ReadDataProviderFromExcelGeneric" name="readData" time="0.005"/>
  <testcase classname="practiseTestNG.ReadDataProviderFromExcelGeneric" name="readData" time="0.004"/>
  <testcase classname="practiseTestNG.ReadDataProviderFromExcelGeneric" name="readData" time="0.003"/>
  <testcase classname="practiseTestNG.ReadDataProviderFromExcelGeneric" name="readData" time="0.005"/>
  <testcase classname="practiseTestNG.ReadDataProviderFromExcelGeneric" name="readData" time="0.004"/>
  <testcase classname="practiseTestNG.ReadDataProviderFromExcelGeneric" name="readData" time="0.020"/>
</testsuite> <!-- practiseTestNG.ReadDataProviderFromExcelGeneric -->
