<?xml version="1.0" encoding="UTF-8"?>
<!-- Generated by org.testng.reporters.JUnitReportReporter -->
<testsuite hostname="TNL71978120-B" failures="0" tests="2" name="practiseTestNG.GroupCreateAppartment" time="6.892" errors="0" timestamp="2023-08-08T11:42:40 IST" skipped="0">
  <testcase classname="practiseTestNG.GroupCreateAppartment" name="modifyAppartment" time="1.241"/>
  <testcase classname="practiseTestNG.GroupCreateAppartment" name="createAppartment" time="5.651"/>
</testsuite> <!-- practiseTestNG.GroupCreateAppartment -->
