<?xml version="1.0" encoding="UTF-8"?>
<!-- Generated by org.testng.reporters.JUnitReportReporter -->
<testsuite hostname="TNL71978120-B" failures="0" tests="2" name="practiseTestNG.GroupAppartmentCreation" time="0.024" errors="0" timestamp="2023-08-07T16:08:41 IST" skipped="0">
  <testcase classname="practiseTestNG.GroupAppartmentCreation" name="appartmentCreate" time="0.021"/>
  <testcase classname="practiseTestNG.GroupAppartmentCreation" name="appartmentModify" time="0.003"/>
</testsuite> <!-- practiseTestNG.GroupAppartmentCreation -->
