<?xml version="1.0" encoding="UTF-8"?>
<!-- Generated by org.testng.reporters.JUnitReportReporter -->
<testsuite hostname="TNL71978120-B" failures="0" tests="1" name="Reverse" time="0.024" errors="0" timestamp="2023-07-09T15:33:25 IST" skipped="0">
  <testcase classname="Reverse" name="reverseSentence" time="0.024"/>
</testsuite> <!-- Reverse -->
