<?xml version="1.0" encoding="UTF-8"?>
<!-- Generated by org.testng.reporters.JUnitReportReporter -->
<testsuite hostname="TNL71978120-B" failures="0" tests="1" name="SmokeTestCases.IndividualRegsmokeTestCase" time="24.343" errors="0" timestamp="2023-08-10T13:10:08 IST" skipped="0">
  <testcase classname="SmokeTestCases.IndividualRegsmokeTestCase" name="createIndividualRegistration" time="24.343">
    <system-out>
      <![CDATA[createIndividualRegistration....>TestScript execution started
createIndividualRegistration.....>TestScript execution started]]>
    </system-out>
  </testcase> <!-- createIndividualRegistration -->
  <system-out>
    <![CDATA[createAppartmentReg....>TestScript execution started
createAppartmentReg.....>TestScript failed
createIndividualRegistration....>TestScript execution started
createIndividualRegistration.....>TestScript execution started]]>
  </system-out>
</testsuite> <!-- SmokeTestCases.IndividualRegsmokeTestCase -->
