<?xml version="1.0" encoding="UTF-8"?>
<!-- Generated by org.testng.reporters.JUnitReportReporter -->
<testsuite hostname="TNL71978120-B" failures="0" tests="1" name="SmokeTestCases.AppartmentRegistrationsmokeTestCase" time="8.566" errors="0" timestamp="2023-08-09T12:54:49 IST" skipped="0">
  <testcase classname="SmokeTestCases.AppartmentRegistrationsmokeTestCase" name="appartmentRegistration" time="8.566"/>
</testsuite> <!-- SmokeTestCases.AppartmentRegistrationsmokeTestCase -->
