<?xml version="1.0" encoding="UTF-8"?>
<!-- Generated by org.testng.reporters.JUnitReportReporter -->
<testsuite hostname="TNL71978120-B" failures="0" tests="1" name="SystemTestCases.SystemComplaintTestCase" time="14.182" errors="0" timestamp="2023-08-09T13:07:01 IST" skipped="0">
  <testcase classname="SystemTestCases.SystemComplaintTestCase" name="complaintOnUserRegisterHome" time="14.182"/>
</testsuite> <!-- SystemTestCases.SystemComplaintTestCase -->
