<?xml version="1.0" encoding="UTF-8"?>
<!-- Generated by org.testng.reporters.JUnitReportReporter -->
<testsuite hostname="TNL71978120-B" failures="0" tests="2" name="practiseTestNG.GroupCreateIndividual" time="8.015" errors="0" timestamp="2023-08-08T11:42:40 IST" skipped="0">
  <testcase classname="practiseTestNG.GroupCreateIndividual" name="modifyIndividual" time="6.229"/>
  <testcase classname="practiseTestNG.GroupCreateIndividual" name="createIndividual" time="1.786"/>
</testsuite> <!-- practiseTestNG.GroupCreateIndividual -->
