<?xml version="1.0" encoding="UTF-8"?>
<!-- Generated by org.testng.reporters.JUnitReportReporter -->
<testsuite hostname="TNL71978120-B" failures="0" tests="1" name="Sample1" time="13.456" errors="0" timestamp="2023-07-08T21:16:09 IST" skipped="0">
  <testcase classname="Sample1" name="verifySmapleCode" time="13.456"/>
</testsuite> <!-- Sample1 -->
