<?xml version="1.0" encoding="UTF-8"?>
<!-- Generated by org.testng.reporters.JUnitReportReporter -->
<testsuite hostname="TNL71978120-B" failures="0" tests="2" name="practiseTestNG.BatchCreateIndividual" time="0.010" errors="0" timestamp="2023-08-07T15:06:22 IST" skipped="0">
  <testcase classname="practiseTestNG.BatchCreateIndividual" name="createIndividual" time="0.005"/>
  <testcase classname="practiseTestNG.BatchCreateIndividual" name="modifyIndividual" time="0.005"/>
</testsuite> <!-- practiseTestNG.BatchCreateIndividual -->
