<?xml version="1.0" encoding="UTF-8"?>
<!-- Generated by org.testng.reporters.JUnitReportReporter -->
<testsuite hostname="TNL71978120-B" failures="0" tests="1" name="SystemTestCases.SystemEditTestCase" time="21.311" errors="0" timestamp="2023-08-08T15:45:34 IST" skipped="0">
  <testcase classname="SystemTestCases.SystemEditTestCase" name="EditUserRegistration" time="21.311"/>
</testsuite> <!-- SystemTestCases.SystemEditTestCase -->
