<?xml version="1.0" encoding="UTF-8"?>
<!-- Generated by org.testng.reporters.JUnitReportReporter -->
<testsuite hostname="TNL71978120-B" failures="0" tests="2" name="practiseTestNG.TestNgAnnotationsTest" time="0.083" errors="0" timestamp="2023-08-07T12:09:20 IST" skipped="0">
  <testcase classname="practiseTestNG.TestNgAnnotationsTest" name="createAppartment" time="0.043"/>
  <testcase classname="practiseTestNG.TestNgAnnotationsTest" name="createIndividual" time="0.040"/>
</testsuite> <!-- practiseTestNG.TestNgAnnotationsTest -->
