<?xml version="1.0" encoding="UTF-8"?>
<!-- Generated by org.testng.reporters.JUnitReportReporter -->
<testsuite hostname="TNL71978120-B" failures="0" tests="1" name="IntegrationTestCases.IntegrationEditTestCase" time="21.875" errors="0" timestamp="2023-08-09T12:50:20 IST" skipped="0">
  <testcase classname="IntegrationTestCases.IntegrationEditTestCase" name="editUserDetails" time="21.875"/>
</testsuite> <!-- IntegrationTestCases.IntegrationEditTestCase -->
