<?xml version="1.0" encoding="UTF-8"?>
<!-- Generated by org.testng.reporters.JUnitReportReporter -->
<testsuite hostname="TNL71978120-B" failures="0" tests="7" name="practiseTestNG.DataProviderFromExcel" time="0.077" errors="0" timestamp="2023-08-06T14:14:46 IST" skipped="0">
  <testcase classname="practiseTestNG.DataProviderFromExcel" name="fetchDataFromDataProvider" time="0.007"/>
  <testcase classname="practiseTestNG.DataProviderFromExcel" name="fetchDataFromDataProvider" time="0.009"/>
  <testcase classname="practiseTestNG.DataProviderFromExcel" name="fetchDataFromDataProvider" time="0.006"/>
  <testcase classname="practiseTestNG.DataProviderFromExcel" name="fetchDataFromDataProvider" time="0.015"/>
  <testcase classname="practiseTestNG.DataProviderFromExcel" name="fetchDataFromDataProvider" time="0.011"/>
  <testcase classname="practiseTestNG.DataProviderFromExcel" name="fetchDataFromDataProvider" time="0.020"/>
  <testcase classname="practiseTestNG.DataProviderFromExcel" name="fetchDataFromDataProvider" time="0.009"/>
</testsuite> <!-- practiseTestNG.DataProviderFromExcel -->
