<?xml version="1.0" encoding="UTF-8"?>
<!-- Generated by org.testng.reporters.JUnitReportReporter -->
<testsuite hostname="TNL71978120-B" failures="0" tests="1" name="SmokeTestCases.UserRegisterationsmokeTestCase" time="19.200" errors="0" timestamp="2023-08-09T14:39:09 IST" skipped="0">
  <testcase classname="SmokeTestCases.UserRegisterationsmokeTestCase" name="userRegistration" time="19.200"/>
</testsuite> <!-- SmokeTestCases.UserRegisterationsmokeTestCase -->
