<?xml version="1.0" encoding="UTF-8"?>
<!-- Generated by org.testng.reporters.JUnitReportReporter -->
<testsuite hostname="TNL71978120-B" failures="0" tests="1" name="practiseTestNG.BatcCreateIndividual" time="3.815" errors="0" timestamp="2023-08-08T11:51:35 IST" skipped="0">
  <testcase classname="practiseTestNG.BatcCreateIndividual" name="createIndividual" time="3.815"/>
</testsuite> <!-- practiseTestNG.BatcCreateIndividual -->
